
/home/runner/work/exp-shape-factor-iitb/exp-shape-factor-iitb/experiment/simulation/common_libraries/js/ts_components/collapse_step.js
   1:10  warning  'show_step' is defined but never used                 no-unused-vars
   2:5   warning  '$' is not defined                                    no-undef
   3:9   warning  '$' is not defined                                    no-undef
   6:10  warning  'hide_step' is defined but never used                 no-unused-vars
   7:5   warning  '$' is not defined                                    no-undef
   8:9   warning  '$' is not defined                                    no-undef
  11:10  warning  'get_collapse_btn_text' is defined but never used     no-unused-vars
  20:10  warning  'get_collapse_btn_element' is defined but never used  no-unused-vars
  29:10  warning  'hide_all_steps' is defined but never used            no-unused-vars
  31:9   warning  '$' is not defined                                    no-undef

/home/runner/work/exp-shape-factor-iitb/exp-shape-factor-iitb/experiment/simulation/common_libraries/js/ts_components/matrix.js
   27:26  warning  'MathJax' is not defined                                no-undef
   32:7   warning  'Matrix_Without_String' is defined but never used       no-unused-vars
   52:26  warning  'MathJax' is not defined                                no-undef
   56:10  warning  'get_matrix_html' is defined but never used             no-unused-vars
   87:13  warning  'row_html' is assigned a value but never used           no-unused-vars
   99:10  warning  'get_matrix_html_with_title' is defined but never used  no-unused-vars
  131:13  warning  'row_html' is assigned a value but never used           no-unused-vars
  143:10  warning  'convert_2d_to_1d_vector' is defined but never used     no-unused-vars
  156:10  warning  'convert_1d_to_2d_matrix' is defined but never used     no-unused-vars

/home/runner/work/exp-shape-factor-iitb/exp-shape-factor-iitb/experiment/simulation/common_libraries/js/ts_components/pannel.js
  8:7  warning  'Pannel' is defined but never used  no-unused-vars

/home/runner/work/exp-shape-factor-iitb/exp-shape-factor-iitb/experiment/simulation/common_libraries/js/ts_components/questions.js
   6:17  warning  'op1' is assigned a value but never used      no-unused-vars
   7:17  warning  'op2' is assigned a value but never used      no-unused-vars
   8:17  warning  'op3' is assigned a value but never used      no-unused-vars
   9:17  warning  'op4' is assigned a value but never used      no-unused-vars
  94:7   warning  'Question_Options' is defined but never used  no-unused-vars

/home/runner/work/exp-shape-factor-iitb/exp-shape-factor-iitb/experiment/simulation/common_libraries/js/ts_components/tables.js
   19:22  warning  'verify_values' is not defined                                     no-undef
  137:22  warning  'verify_values' is not defined                                     no-undef
  260:7   warning  'Verify_Rows_Cols_6_decimal_places' is defined but never used      no-unused-vars
  311:22  warning  'verify_values' is not defined                                     no-undef
  416:7   warning  'Verify_Rows_Cols_Custom_Fixed_Update1' is defined but never used  no-unused-vars
  468:7   warning  'Show_Table_Custom_Fixed' is defined but never used                no-unused-vars
  506:7   warning  'Verify_Rows_Cols_Strings' is defined but never used               no-unused-vars
  527:22  warning  'verify_values' is not defined                                     no-undef
  663:7   warning  'Display_Table' is defined but never used                          no-unused-vars

/home/runner/work/exp-shape-factor-iitb/exp-shape-factor-iitb/experiment/simulation/common_libraries/js/ts_math_library/general_math_functions.js
    1:10  warning  'verify_values' is defined but never used                   no-unused-vars
   17:10  warning  'random1' is defined but never used                         no-unused-vars
   21:10  warning  'std_deviation' is defined but never used                   no-unused-vars
   26:10  warning  'gauss' is defined but never used                           no-unused-vars
   56:10  warning  'hide_panel' is defined but never used                      no-unused-vars
   63:10  warning  'inverse_matrix' is defined but never used                  no-unused-vars
   96:10  warning  'matrix_multiplication' is defined but never used           no-unused-vars
  113:10  warning  'transpose_matrix' is defined but never used                no-unused-vars
  123:10  warning  'matrix_multiplication_8decimal' is defined but never used  no-unused-vars
  140:10  warning  'adjoint_2x2_matrix' is defined but never used              no-unused-vars
  145:10  warning  'find_deteminant' is defined but never used                 no-unused-vars
  174:10  warning  'get_Submatrix' is defined but never used                   no-unused-vars

/home/runner/work/exp-shape-factor-iitb/exp-shape-factor-iitb/experiment/simulation/common_libraries/js/ts_math_library/regression.js
   1:10  warning  'regression_linear' is defined but never used            no-unused-vars
  18:10  warning  'regression_linear_1variable' is defined but never used  no-unused-vars
  27:10  warning  'regression_linear_2variable' is defined but never used  no-unused-vars
  52:11  warning  'gauss' is not defined                                   no-undef

/home/runner/work/exp-shape-factor-iitb/exp-shape-factor-iitb/experiment/simulation/common_libraries/math.ob.js
  1:745  warning  'b' is already defined  no-redeclare

/home/runner/work/exp-shape-factor-iitb/exp-shape-factor-iitb/experiment/simulation/js/activity1.js
   19:24   warning  'MathJax' is not defined                     no-undef
   22:10   warning  'start_act1' is defined but never used       no-unused-vars
   27:20   warning  'get_collapse_btn_text' is not defined       no-undef
   32:111  warning  'act1_D' is not defined                      no-undef
   32:136  warning  'act1_h' is not defined                      no-undef
   82:5    warning  'hide_all_steps' is not defined              no-undef
   83:24   warning  'show_step' is not defined                   no-undef
   84:24   warning  'MathJax' is not defined                     no-undef
   88:5    warning  'act1_a1' is not defined                     no-undef
   88:26   warning  'act1_D' is not defined                      no-undef
   88:35   warning  'act1_h' is not defined                      no-undef
   88:69   warning  'act1_D' is not defined                      no-undef
   89:5    warning  'act1_a2' is not defined                     no-undef
   89:39   warning  'act1_D' is not defined                      no-undef
   90:5    warning  'act1_f11' is not defined                    no-undef
   90:21   warning  'act1_a2' is not defined                     no-undef
   90:31   warning  'act1_a1' is not defined                     no-undef
   91:30   warning  'act1_a1' is not defined                     no-undef
   92:30   warning  'act1_a2' is not defined                     no-undef
   93:27   warning  'act1_f11' is not defined                    no-undef
   95:10   warning  'verify_act1_a1' is defined but never used   no-unused-vars
  100:10   warning  'verify_values' is not defined               no-undef
  100:82   warning  'act1_a1' is not defined                     no-undef
  106:25   warning  'act1_a1' is not defined                     no-undef
  109:10   warning  'verify_act1_a2' is defined but never used   no-unused-vars
  114:10   warning  'verify_values' is not defined               no-undef
  114:82   warning  'act1_a2' is not defined                     no-undef
  120:25   warning  'act1_a2' is not defined                     no-undef
  123:10   warning  'verify_act1_f11' is defined but never used  no-unused-vars
  127:10   warning  'verify_values' is not defined               no-undef
  127:82   warning  'act1_f11' is not defined                    no-undef
  133:25   warning  'act1_f11' is not defined                    no-undef
  134:5    warning  'activity2' is not defined                   no-undef

/home/runner/work/exp-shape-factor-iitb/exp-shape-factor-iitb/experiment/simulation/js/activity2.js
    1:10   warning  'activity2' is defined but never used        no-unused-vars
   16:5    warning  'maindiv' is not defined                     no-undef
   17:24   warning  'MathJax' is not defined                     no-undef
   19:10   warning  'start_act2' is defined but never used       no-unused-vars
   24:20   warning  'get_collapse_btn_text' is not defined       no-undef
   29:107  warning  'act2_D' is not defined                      no-undef
   29:132  warning  'act2_h' is not defined                      no-undef
   79:5    warning  'maindiv' is not defined                     no-undef
   81:24   warning  'show_step' is not defined                   no-undef
   82:24   warning  'MathJax' is not defined                     no-undef
   85:5    warning  'act2_l' is not defined                      no-undef
   85:33   warning  'act2_h' is not defined                      no-undef
   85:56   warning  'act2_D' is not defined                      no-undef
   86:5    warning  'act2_a1' is not defined                     no-undef
   86:26   warning  'act2_D' is not defined                      no-undef
   86:35   warning  'act2_l' is not defined                      no-undef
   87:5    warning  'act2_a2' is not defined                     no-undef
   87:39   warning  'act2_D' is not defined                      no-undef
   88:5    warning  'act2_f11' is not defined                    no-undef
   88:21   warning  'act2_a2' is not defined                     no-undef
   88:31   warning  'act2_a1' is not defined                     no-undef
   89:29   warning  'act2_l' is not defined                      no-undef
   90:30   warning  'act2_a1' is not defined                     no-undef
   91:30   warning  'act2_a2' is not defined                     no-undef
   92:32   warning  'act2_f11' is not defined                    no-undef
   94:10   warning  'verify_act2_l' is defined but never used    no-unused-vars
   99:10   warning  'verify_values' is not defined               no-undef
   99:83   warning  'act2_l' is not defined                      no-undef
  105:26   warning  'act2_l' is not defined                      no-undef
  108:10   warning  'verify_act2_a1' is defined but never used   no-unused-vars
  113:10   warning  'verify_values' is not defined               no-undef
  113:82   warning  'act2_a1' is not defined                     no-undef
  119:25   warning  'act2_a1' is not defined                     no-undef
  122:10   warning  'verify_act2_a2' is defined but never used   no-unused-vars
  127:10   warning  'verify_values' is not defined               no-undef
  127:82   warning  'act2_a2' is not defined                     no-undef
  133:25   warning  'act2_a2' is not defined                     no-undef
  136:10   warning  'verify_act2_f11' is defined but never used  no-unused-vars
  140:10   warning  'verify_values' is not defined               no-undef
  140:82   warning  'act2_f11' is not defined                    no-undef
  146:25   warning  'act2_f11' is not defined                    no-undef
  147:5    warning  'activity3' is not defined                   no-undef

/home/runner/work/exp-shape-factor-iitb/exp-shape-factor-iitb/experiment/simulation/js/activity3.js
    1:10   warning  'activity3' is defined but never used        no-unused-vars
   16:5    warning  'maindiv' is not defined                     no-undef
   17:24   warning  'MathJax' is not defined                     no-undef
   19:10   warning  'start_act3' is defined but never used       no-unused-vars
   24:20   warning  'get_collapse_btn_text' is not defined       no-undef
   29:102  warning  'act3_D' is not defined                      no-undef
   68:5    warning  'maindiv' is not defined                     no-undef
   70:24   warning  'show_step' is not defined                   no-undef
   71:24   warning  'MathJax' is not defined                     no-undef
   74:5    warning  'act3_a2' is not defined                     no-undef
   74:39   warning  'act3_D' is not defined                      no-undef
   75:5    warning  'act3_a1' is not defined                     no-undef
   75:39   warning  'act3_D' is not defined                      no-undef
   76:5    warning  'act3_f11' is not defined                    no-undef
   76:21   warning  'act3_a2' is not defined                     no-undef
   76:31   warning  'act3_a1' is not defined                     no-undef
   77:30   warning  'act3_a1' is not defined                     no-undef
   78:30   warning  'act3_a2' is not defined                     no-undef
   79:32   warning  'act3_f11' is not defined                    no-undef
   81:10   warning  'verify_act3_a2' is defined but never used   no-unused-vars
   86:10   warning  'verify_values' is not defined               no-undef
   86:82   warning  'act3_a2' is not defined                     no-undef
   92:25   warning  'act3_a2' is not defined                     no-undef
   95:10   warning  'verify_act3_a1' is defined but never used   no-unused-vars
  100:10   warning  'verify_values' is not defined               no-undef
  100:82   warning  'act3_a1' is not defined                     no-undef
  106:25   warning  'act3_a1' is not defined                     no-undef
  109:10   warning  'verify_act3_f11' is defined but never used  no-unused-vars
  113:10   warning  'verify_values' is not defined               no-undef
  113:82   warning  'act3_f11' is not defined                    no-undef
  119:25   warning  'act3_f11' is not defined                    no-undef

/home/runner/work/exp-shape-factor-iitb/exp-shape-factor-iitb/experiment/simulation/js/data.js
   2:5  warning  'act1_D' is assigned a value but never used    no-unused-vars
   3:5  warning  'act1_h' is assigned a value but never used    no-unused-vars
   4:5  warning  'act1_a1' is assigned a value but never used   no-unused-vars
   5:5  warning  'act1_a2' is assigned a value but never used   no-unused-vars
   6:5  warning  'act1_f11' is assigned a value but never used  no-unused-vars
   8:5  warning  'act2_D' is assigned a value but never used    no-unused-vars
   9:5  warning  'act2_h' is assigned a value but never used    no-unused-vars
  10:5  warning  'act2_l' is assigned a value but never used    no-unused-vars
  11:5  warning  'act2_a1' is assigned a value but never used   no-unused-vars
  12:5  warning  'act2_a2' is assigned a value but never used   no-unused-vars
  13:5  warning  'act2_f11' is assigned a value but never used  no-unused-vars
  15:5  warning  'act3_D' is assigned a value but never used    no-unused-vars
  16:5  warning  'act3_a1' is assigned a value but never used   no-unused-vars
  17:5  warning  'act3_a2' is assigned a value but never used   no-unused-vars
  18:5  warning  'act3_f11' is assigned a value but never used  no-unused-vars

✖ 172 problems (0 errors, 172 warnings)

